#
# A fatal error has been detected by the Java Runtime Environment:
#
#  EXCEPTION_ACCESS_VIOLATION (0xc0000005) at pc=0x0000000056c8677e, pid=6140, tid=0x0000000000000f44
#
# JRE version: OpenJDK Runtime Environment (8.0_152-b01) (build 1.8.0_152-release-915-b01)
# Java VM: OpenJDK 64-Bit Server VM (25.152-b01 mixed mode windows-amd64 compressed oops)
# Problematic frame:
# V  [jvm.dll+0x48677e]
#
# Failed to write core dump. Minidumps are not enabled by default on client versions of Windows
#
# If you would like to submit a bug report, please visit:
#   http://bugreport.java.com/bugreport/crash.jsp
#

---------------  T H R E A D  ---------------

Current thread (0x000000001669a000):  JavaThread "C2 CompilerThread0" daemon [_thread_in_native, id=3908, stack(0x00000000176b0000,0x00000000177b0000)]

siginfo: ExceptionCode=0xc0000005, writing address 0x0000000056d26760

Registers:
RAX=0x00000000ff41d862, RBX=0x0000000000000000, RCX=0x0000000000000000, RDX=0x00000000ff41d863
RSP=0x00000000177ac460, RBP=0x0000000018ee1ac0, RSI=0xfffffffffffffff8, RDI=0x00000000177ac5e0
R8 =0x0000000000000001, R9 =0x0000000056d26760, R10=0x0000000056fc4070, R11=0x0000000056800000
R12=0x000000001838bc30, R13=0x0000000000000010, R14=0x0000000019426930, R15=0x000000001f6017d0
RIP=0x0000000056c8677e, EFLAGS=0x0000000000010282

Top of Stack: (sp=0x00000000177ac460)
0x00000000177ac460:   00000000177ac5e0 0000000000000001
0x00000000177ac470:   0000000018ee1dc0 0000000000000000
0x00000000177ac480:   0000000000000438 0000000016681a10
0x00000000177ac490:   000000001c96ee70 0000000000314e18
0x00000000177ac4a0:   000000001c9738c0 000000001c976e58
0x00000000177ac4b0:   0000000056e36d48 0000000016681a10
0x00000000177ac4c0:   0000000000000040 000000001c520580
0x00000000177ac4d0:   00000000177ac5a0 00000000000003d8
0x00000000177ac4e0:   000000001ba55948 000000001ba55570
0x00000000177ac4f0:   0000000000000000 000000001ba55560
0x00000000177ac500:   00000000177ac620 00000000177ac890
0x00000000177ac510:   0000000000000000 0000000056c34653
0x00000000177ac520:   0000000000000004 0000000000000005
0x00000000177ac530:   0000000000000088 0000000000000020
0x00000000177ac540:   0000000000000002 000000001ba55560
0x00000000177ac550:   000000001c906f40 000000001c90a8b0 

Instructions: (pc=0x0000000056c8677e)
0x0000000056c8675e:   0c d0 8b c3 83 e3 1f c1 e8 05 0f b6 cb 83 e0 07
0x0000000056c8676e:   41 d3 e0 41 8b 14 81 8b c8 41 8b c0 f7 d0 23 c2
0x0000000056c8677e:   41 89 04 89 41 85 d0 74 03 ff 4d 00 41 8b 46 18
0x0000000056c8678e:   83 f8 01 0f 86 96 00 00 00 be 08 00 00 00 44 8d 


Register to memory mapping:

RAX=0x00000000ff41d862 is an unallocated location in the heap
RBX=0x0000000000000000 is an unknown value
RCX=0x0000000000000000 is an unknown value
RDX=0x00000000ff41d863 is an unallocated location in the heap
RSP=0x00000000177ac460 is pointing into the stack for thread: 0x000000001669a000
RBP=0x0000000018ee1ac0 is an unknown value
RSI=0xfffffffffffffff8 is an unknown value
RDI=0x00000000177ac5e0 is pointing into the stack for thread: 0x000000001669a000
R8 =0x0000000000000001 is an unknown value
R9 =0x0000000056d26760 is an unknown value
R10=0x0000000056fc4070 is an unknown value
R11=0x0000000056800000 is an unknown value
R12=0x000000001838bc30 is an unknown value
R13=0x0000000000000010 is an unknown value
R14=0x0000000019426930 is an unknown value
R15=0x000000001f6017d0 is an unknown value


Stack: [0x00000000176b0000,0x00000000177b0000],  sp=0x00000000177ac460,  free space=1009k
Native frames: (J=compiled Java code, j=interpreted, Vv=VM code, C=native code)
V  [jvm.dll+0x48677e]
V  [jvm.dll+0x434653]
V  [jvm.dll+0x43f19b]
V  [jvm.dll+0x441a6e]
V  [jvm.dll+0x424b32]
V  [jvm.dll+0x80fa9]
V  [jvm.dll+0x818df]
V  [jvm.dll+0x21d06f]
V  [jvm.dll+0x26d4aa]
C  [msvcr100.dll+0x21d9f]
C  [msvcr100.dll+0x21e3b]
C  [KERNEL32.DLL+0x18102]
C  [ntdll.dll+0x5c5b4]


Current CompileTask:
C2:  44798 8044       4       java.io.ObjectOutputStream::writeClassDesc (60 bytes)


---------------  P R O C E S S  ---------------

Java Threads: ( => current thread )
  0x000000001ada6000 JavaThread "Memory manager" [_thread_blocked, id=5644, stack(0x000000001e2b0000,0x000000001e3b0000)]
  0x000000001ada2800 JavaThread "build operations Thread 2" [_thread_in_native, id=6064, stack(0x000000001dbb0000,0x000000001dcb0000)]
  0x000000001ada4800 JavaThread "build operations" [_thread_in_native, id=4912, stack(0x000000001dab0000,0x000000001dbb0000)]
  0x000000001ada5800 JavaThread "Cache worker for Artifact transforms cache (C:\Users\arunraj\.gradle\caches\transforms-1)" [_thread_blocked, id=4508, stack(0x000000001bb70000,0x000000001bc70000)]
  0x0000000018e42000 JavaThread "Cache worker for file hash cache (D:\Projects\Sample\WhatsApp\.gradle\4.1\fileHashes)" [_thread_blocked, id=2752, stack(0x000000001ba70000,0x000000001bb70000)]
  0x0000000018f5a000 JavaThread "File lock request listener" [_thread_in_native, id=1444, stack(0x000000001a7a0000,0x000000001a8a0000)]
  0x0000000018e4d800 JavaThread "Cache worker for file hash cache (C:\Users\arunraj\.gradle\caches\4.1\fileHashes)" [_thread_blocked, id=4036, stack(0x000000001a6a0000,0x000000001a7a0000)]
  0x0000000018b7d800 JavaThread "Stdin handler" [_thread_blocked, id=1844, stack(0x000000001a5a0000,0x000000001a6a0000)]
  0x0000000018b7c800 JavaThread "Asynchronous log dispatcher for DefaultDaemonConnection: socket connection from /127.0.0.1:50177 to /127.0.0.1:50178" [_thread_blocked, id=4816, stack(0x000000001a4a0000,0x000000001a5a0000)]
  0x0000000018b73000 JavaThread "Daemon worker" [_thread_blocked, id=3236, stack(0x000000001a3a0000,0x000000001a4a0000)]
  0x0000000018b6c800 JavaThread "Cancel handler" [_thread_blocked, id=2688, stack(0x000000001a2a0000,0x000000001a3a0000)]
  0x0000000018b60800 JavaThread "Handler for socket connection from /127.0.0.1:50177 to /127.0.0.1:50178" [_thread_in_native, id=4204, stack(0x0000000019fa0000,0x000000001a0a0000)]
  0x0000000018b60000 JavaThread "Daemon" [_thread_blocked, id=5216, stack(0x0000000019ea0000,0x0000000019fa0000)]
  0x00000000185e5800 JavaThread "Daemon periodic checks" [_thread_blocked, id=3248, stack(0x0000000019da0000,0x0000000019ea0000)]
  0x0000000018ba3800 JavaThread "Incoming local TCP Connector on port 50177" [_thread_in_native, id=2212, stack(0x0000000019bc0000,0x0000000019cc0000)]
  0x0000000016705000 JavaThread "Service Thread" daemon [_thread_blocked, id=68, stack(0x00000000178b0000,0x00000000179b0000)]
  0x00000000166ec800 JavaThread "C1 CompilerThread1" daemon [_thread_blocked, id=2852, stack(0x00000000177b0000,0x00000000178b0000)]
=>0x000000001669a000 JavaThread "C2 CompilerThread0" daemon [_thread_in_native, id=3908, stack(0x00000000176b0000,0x00000000177b0000)]
  0x0000000016698800 JavaThread "Attach Listener" daemon [_thread_blocked, id=1948, stack(0x00000000175b0000,0x00000000176b0000)]
  0x0000000016695800 JavaThread "Signal Dispatcher" daemon [_thread_blocked, id=2000, stack(0x00000000174b0000,0x00000000175b0000)]
  0x0000000016680000 JavaThread "Finalizer" daemon [_thread_blocked, id=2652, stack(0x00000000172d0000,0x00000000173d0000)]
  0x0000000016656000 JavaThread "Reference Handler" daemon [_thread_blocked, id=5236, stack(0x00000000171d0000,0x00000000172d0000)]
  0x0000000002cfd800 JavaThread "main" [_thread_blocked, id=5252, stack(0x0000000002d70000,0x0000000002e70000)]

Other Threads:
  0x000000001664d000 VMThread [stack: 0x00000000170d0000,0x00000000171d0000] [id=560]
  0x0000000016707800 WatcherThread [stack: 0x00000000179b0000,0x0000000017ab0000] [id=452]

VM state:not at safepoint (normal execution)

VM Mutex/Monitor currently owned by a thread: None

Heap:
 PSYoungGen      total 128512K, used 9080K [0x00000000e0000000, 0x00000000e9b00000, 0x0000000100000000)
  eden space 103424K, 2% used [0x00000000e0000000,0x00000000e02bc690,0x00000000e6500000)
  from space 25088K, 25% used [0x00000000e8280000,0x00000000e88a1d20,0x00000000e9b00000)
  to   space 27648K, 0% used [0x00000000e6500000,0x00000000e6500000,0x00000000e8000000)
 ParOldGen       total 215040K, used 48259K [0x00000000a0000000, 0x00000000ad200000, 0x00000000e0000000)
  object space 215040K, 22% used [0x00000000a0000000,0x00000000a2f20c88,0x00000000ad200000)
 Metaspace       used 59395K, capacity 61830K, committed 62080K, reserved 1101824K
  class space    used 8085K, capacity 8783K, committed 8832K, reserved 1048576K

Card table byte_map: [0x0000000012330000,0x0000000012640000] byte_map_base: 0x0000000011e30000

Marking Bits: (ParMarkBitMap*) 0x0000000056fc3950
 Begin Bits: [0x0000000012a40000, 0x0000000014240000)
 End Bits:   [0x0000000014240000, 0x0000000015a40000)

Polling page: 0x0000000002c50000

CodeCache: size=245760Kb used=22274Kb max_used=22383Kb free=223485Kb
 bounds [0x0000000002f70000, 0x0000000004570000, 0x0000000011f70000]
 total_blobs=7988 nmethods=7201 adapters=701
 compilation: enabled

Compilation events (10 events):
Event: 44.408 Thread 0x00000000166ec800 8106       3       org.gradle.api.internal.artifacts.transform.DefaultArtifactTransforms$ConsumerProvidedResolvedVariant::startVisit (59 bytes)
Event: 44.409 Thread 0x00000000166ec800 nmethod 8106 0x000000000455b290 code [0x000000000455b460, 0x000000000455bc88]
Event: 44.409 Thread 0x00000000166ec800 8107       3       org.gradle.api.internal.artifacts.transform.DefaultArtifactTransforms$ConsumerProvidedResolvedVariant$TransformingAsyncArtifactListener::artifactAvailable (36 bytes)
Event: 44.409 Thread 0x00000000166ec800 nmethod 8107 0x000000000455c0d0 code [0x000000000455c260, 0x000000000455c658]
Event: 44.634 Thread 0x00000000166ec800 8108       3       java.util.SubList::size (9 bytes)
Event: 44.635 Thread 0x00000000166ec800 nmethod 8108 0x000000000455c850 code [0x000000000455c9c0, 0x000000000455cc88]
Event: 44.668 Thread 0x00000000166ec800 8109       3       java.util.AbstractList::subList (31 bytes)
Event: 44.669 Thread 0x00000000166ec800 nmethod 8109 0x000000000455ce10 code [0x000000000455cfa0, 0x000000000455d3f8]
Event: 44.669 Thread 0x00000000166ec800 8110       3       java.util.SubList::<init> (145 bytes)
Event: 44.670 Thread 0x00000000166ec800 nmethod 8110 0x000000000455d550 code [0x000000000455d8a0, 0x000000000455f418]

GC Heap History (10 events):
Event: 16.375 GC heap before
{Heap before GC invocations=12 (full 2):
 PSYoungGen      total 89600K, used 89580K [0x00000000e0000000, 0x00000000e6e80000, 0x0000000100000000)
  eden space 77312K, 100% used [0x00000000e0000000,0x00000000e4b80000,0x00000000e4b80000)
  from space 12288K, 99% used [0x00000000e4b80000,0x00000000e577b198,0x00000000e5780000)
  to   space 14336K, 0% used [0x00000000e6080000,0x00000000e6080000,0x00000000e6e80000)
 ParOldGen       total 137216K, used 17740K [0x00000000a0000000, 0x00000000a8600000, 0x00000000e0000000)
  object space 137216K, 12% used [0x00000000a0000000,0x00000000a1153178,0x00000000a8600000)
 Metaspace       used 51002K, capacity 52702K, committed 52992K, reserved 1095680K
  class space    used 6879K, capacity 7375K, committed 7424K, reserved 1048576K
Event: 16.408 GC heap after
Heap after GC invocations=12 (full 2):
 PSYoungGen      total 96256K, used 14309K [0x00000000e0000000, 0x00000000e7480000, 0x0000000100000000)
  eden space 81920K, 0% used [0x00000000e0000000,0x00000000e0000000,0x00000000e5000000)
  from space 14336K, 99% used [0x00000000e6080000,0x00000000e6e79780,0x00000000e6e80000)
  to   space 16896K, 0% used [0x00000000e5000000,0x00000000e5000000,0x00000000e6080000)
 ParOldGen       total 137216K, used 20269K [0x00000000a0000000, 0x00000000a8600000, 0x00000000e0000000)
  object space 137216K, 14% used [0x00000000a0000000,0x00000000a13cb4f0,0x00000000a8600000)
 Metaspace       used 51002K, capacity 52702K, committed 52992K, reserved 1095680K
  class space    used 6879K, capacity 7375K, committed 7424K, reserved 1048576K
}
Event: 17.684 GC heap before
{Heap before GC invocations=13 (full 2):
 PSYoungGen      total 96256K, used 96229K [0x00000000e0000000, 0x00000000e7480000, 0x0000000100000000)
  eden space 81920K, 100% used [0x00000000e0000000,0x00000000e5000000,0x00000000e5000000)
  from space 14336K, 99% used [0x00000000e6080000,0x00000000e6e79780,0x00000000e6e80000)
  to   space 16896K, 0% used [0x00000000e5000000,0x00000000e5000000,0x00000000e6080000)
 ParOldGen       total 137216K, used 20269K [0x00000000a0000000, 0x00000000a8600000, 0x00000000e0000000)
  object space 137216K, 14% used [0x00000000a0000000,0x00000000a13cb4f0,0x00000000a8600000)
 Metaspace       used 53987K, capacity 55902K, committed 56064K, reserved 1097728K
  class space    used 7377K, capacity 7934K, committed 7936K, reserved 1048576K
Event: 17.740 GC heap after
Heap after GC invocations=13 (full 2):
 PSYoungGen      total 98816K, used 16894K [0x00000000e0000000, 0x00000000e8280000, 0x0000000100000000)
  eden space 81920K, 0% used [0x00000000e0000000,0x00000000e0000000,0x00000000e5000000)
  from space 16896K, 99% used [0x00000000e5000000,0x00000000e607f9d0,0x00000000e6080000)
  to   space 20480K, 0% used [0x00000000e6e80000,0x00000000e6e80000,0x00000000e8280000)
 ParOldGen       total 137216K, used 24395K [0x00000000a0000000, 0x00000000a8600000, 0x00000000e0000000)
  object space 137216K, 17% used [0x00000000a0000000,0x00000000a17d2da0,0x00000000a8600000)
 Metaspace       used 53987K, capacity 55902K, committed 56064K, reserved 1097728K
  class space    used 7377K, capacity 7934K, committed 7936K, reserved 1048576K
}
Event: 18.576 GC heap before
{Heap before GC invocations=14 (full 2):
 PSYoungGen      total 98816K, used 98814K [0x00000000e0000000, 0x00000000e8280000, 0x0000000100000000)
  eden space 81920K, 100% used [0x00000000e0000000,0x00000000e5000000,0x00000000e5000000)
  from space 16896K, 99% used [0x00000000e5000000,0x00000000e607f9d0,0x00000000e6080000)
  to   space 20480K, 0% used [0x00000000e6e80000,0x00000000e6e80000,0x00000000e8280000)
 ParOldGen       total 137216K, used 24395K [0x00000000a0000000, 0x00000000a8600000, 0x00000000e0000000)
  object space 137216K, 17% used [0x00000000a0000000,0x00000000a17d2da0,0x00000000a8600000)
 Metaspace       used 54882K, capacity 56972K, committed 57088K, reserved 1097728K
  class space    used 7542K, capacity 8120K, committed 8192K, reserved 1048576K
Event: 18.635 GC heap after
Heap after GC invocations=14 (full 2):
 PSYoungGen      total 107520K, used 20478K [0x00000000e0000000, 0x00000000e9100000, 0x0000000100000000)
  eden space 87040K, 0% used [0x00000000e0000000,0x00000000e0000000,0x00000000e5500000)
  from space 20480K, 99% used [0x00000000e6e80000,0x00000000e827f9d0,0x00000000e8280000)
  to   space 26112K, 0% used [0x00000000e5500000,0x00000000e5500000,0x00000000e6e80000)
 ParOldGen       total 137216K, used 32073K [0x00000000a0000000, 0x00000000a8600000, 0x00000000e0000000)
  object space 137216K, 23% used [0x00000000a0000000,0x00000000a1f52488,0x00000000a8600000)
 Metaspace       used 54882K, capacity 56972K, committed 57088K, reserved 1097728K
  class space    used 7542K, capacity 8120K, committed 8192K, reserved 1048576K
}
Event: 19.216 GC heap before
{Heap before GC invocations=15 (full 2):
 PSYoungGen      total 107520K, used 47899K [0x00000000e0000000, 0x00000000e9100000, 0x0000000100000000)
  eden space 87040K, 31% used [0x00000000e0000000,0x00000000e1ac7410,0x00000000e5500000)
  from space 20480K, 99% used [0x00000000e6e80000,0x00000000e827f9d0,0x00000000e8280000)
  to   space 26112K, 0% used [0x00000000e5500000,0x00000000e5500000,0x00000000e6e80000)
 ParOldGen       total 137216K, used 32073K [0x00000000a0000000, 0x00000000a8600000, 0x00000000e0000000)
  object space 137216K, 23% used [0x00000000a0000000,0x00000000a1f52488,0x00000000a8600000)
 Metaspace       used 56578K, capacity 58890K, committed 59028K, reserved 1099776K
  class space    used 7780K, capacity 8443K, committed 8448K, reserved 1048576K
Event: 19.266 GC heap after
Heap after GC invocations=15 (full 2):
 PSYoungGen      total 113152K, used 21611K [0x00000000e0000000, 0x00000000e9e00000, 0x0000000100000000)
  eden space 87040K, 0% used [0x00000000e0000000,0x00000000e0000000,0x00000000e5500000)
  from space 26112K, 82% used [0x00000000e5500000,0x00000000e6a1af78,0x00000000e6e80000)
  to   space 28160K, 0% used [0x00000000e8280000,0x00000000e8280000,0x00000000e9e00000)
 ParOldGen       total 137216K, used 34512K [0x00000000a0000000, 0x00000000a8600000, 0x00000000e0000000)
  object space 137216K, 25% used [0x00000000a0000000,0x00000000a21b40f8,0x00000000a8600000)
 Metaspace       used 56578K, capacity 58890K, committed 59028K, reserved 1099776K
  class space    used 7780K, capacity 8443K, committed 8448K, reserved 1048576K
}
Event: 19.266 GC heap before
{Heap before GC invocations=16 (full 3):
 PSYoungGen      total 113152K, used 21611K [0x00000000e0000000, 0x00000000e9e00000, 0x0000000100000000)
  eden space 87040K, 0% used [0x00000000e0000000,0x00000000e0000000,0x00000000e5500000)
  from space 26112K, 82% used [0x00000000e5500000,0x00000000e6a1af78,0x00000000e6e80000)
  to   space 28160K, 0% used [0x00000000e8280000,0x00000000e8280000,0x00000000e9e00000)
 ParOldGen       total 137216K, used 34512K [0x00000000a0000000, 0x00000000a8600000, 0x00000000e0000000)
  object space 137216K, 25% used [0x00000000a0000000,0x00000000a21b40f8,0x00000000a8600000)
 Metaspace       used 56578K, capacity 58890K, committed 59028K, reserved 1099776K
  class space    used 7780K, capacity 8443K, committed 8448K, reserved 1048576K
Event: 19.755 GC heap after
Heap after GC invocations=16 (full 3):
 PSYoungGen      total 113152K, used 0K [0x00000000e0000000, 0x00000000e9e00000, 0x0000000100000000)
  eden space 87040K, 0% used [0x00000000e0000000,0x00000000e0000000,0x00000000e5500000)
  from space 26112K, 0% used [0x00000000e5500000,0x00000000e5500000,0x00000000e6e80000)
  to   space 28160K, 0% used [0x00000000e8280000,0x00000000e8280000,0x00000000e9e00000)
 ParOldGen       total 215040K, used 48251K [0x00000000a0000000, 0x00000000ad200000, 0x00000000e0000000)
  object space 215040K, 22% used [0x00000000a0000000,0x00000000a2f1ec88,0x00000000ad200000)
 Metaspace       used 56578K, capacity 58890K, committed 59028K, reserved 1099776K
  class space    used 7780K, capacity 8443K, committed 8448K, reserved 1048576K
}

Deoptimization events (10 events):
Event: 32.476 Thread 0x000000001ada2800 Uncommon trap: reason=class_check action=maybe_recompile pc=0x0000000003728b4c method=java.util.zip.InflaterInputStream.read([BII)I @ 100
Event: 32.476 Thread 0x000000001ada2800 Uncommon trap: reason=class_check action=maybe_recompile pc=0x0000000003728b4c method=java.util.zip.InflaterInputStream.read([BII)I @ 100
Event: 32.499 Thread 0x000000001ada2800 Uncommon trap: reason=class_check action=maybe_recompile pc=0x0000000003728b4c method=java.util.zip.InflaterInputStream.read([BII)I @ 100
Event: 32.499 Thread 0x000000001ada2800 Uncommon trap: reason=class_check action=maybe_recompile pc=0x0000000003728b4c method=java.util.zip.InflaterInputStream.read([BII)I @ 100
Event: 32.666 Thread 0x000000001ada2800 Uncommon trap: reason=unstable_if action=reinterpret pc=0x000000000442d498 method=java.util.Arrays.equals([B[B)Z @ 2
Event: 39.693 Thread 0x0000000018b73000 Uncommon trap: reason=predicate action=maybe_recompile pc=0x00000000044dbaac method=java.util.AbstractCollection.toArray([Ljava/lang/Object;)[Ljava/lang/Object; @ 49
Event: 42.442 Thread 0x0000000018b73000 Uncommon trap: reason=array_check action=maybe_recompile pc=0x00000000044dcce8 method=java.util.AbstractCollection.toArray([Ljava/lang/Object;)[Ljava/lang/Object; @ 119
Event: 42.443 Thread 0x0000000018b73000 Uncommon trap: reason=array_check action=maybe_recompile pc=0x00000000044dcce8 method=java.util.AbstractCollection.toArray([Ljava/lang/Object;)[Ljava/lang/Object; @ 119
Event: 42.443 Thread 0x0000000018b73000 Uncommon trap: reason=array_check action=maybe_recompile pc=0x00000000044dcce8 method=java.util.AbstractCollection.toArray([Ljava/lang/Object;)[Ljava/lang/Object; @ 119
Event: 42.443 Thread 0x0000000018b73000 Uncommon trap: reason=array_check action=maybe_recompile pc=0x00000000044dcce8 method=java.util.AbstractCollection.toArray([Ljava/lang/Object;)[Ljava/lang/Object; @ 119

Classes redefined (0 events):
No events

Internal exceptions (10 events):
Event: 40.581 Thread 0x0000000018b73000 Exception <a 'java/net/SocketException': Connection reset by peer: socket write error> (0x00000000e4dc7cc8) thrown at [D:\src\AOSP-openjdk-cygwin\jdk8u\hotspot\src\share\vm\prims\jni.cpp, line 735]
Event: 41.819 Thread 0x0000000018b73000 Exception <a 'sun/net/ConnectionResetException': > (0x00000000e4e45e80) thrown at [D:\src\AOSP-openjdk-cygwin\jdk8u\hotspot\src\share\vm\prims\jni.cpp, line 735]
Event: 41.819 Thread 0x0000000018b73000 Exception <a 'sun/net/ConnectionResetException': > (0x00000000e4e46a38) thrown at [D:\src\AOSP-openjdk-cygwin\jdk8u\hotspot\src\share\vm\prims\jni.cpp, line 735]
Event: 41.819 Thread 0x0000000018b73000 Exception <a 'java/net/SocketException': Connection reset by peer: socket write error> (0x00000000e4e48a08) thrown at [D:\src\AOSP-openjdk-cygwin\jdk8u\hotspot\src\share\vm\prims\jni.cpp, line 735]
Event: 43.033 Thread 0x0000000018b73000 Exception <a 'sun/net/ConnectionResetException': > (0x00000000e4ecd5f0) thrown at [D:\src\AOSP-openjdk-cygwin\jdk8u\hotspot\src\share\vm\prims\jni.cpp, line 735]
Event: 43.033 Thread 0x0000000018b73000 Exception <a 'sun/net/ConnectionResetException': > (0x00000000e4ece1a8) thrown at [D:\src\AOSP-openjdk-cygwin\jdk8u\hotspot\src\share\vm\prims\jni.cpp, line 735]
Event: 43.034 Thread 0x0000000018b73000 Exception <a 'java/net/SocketException': Connection reset by peer: socket write error> (0x00000000e4ed0178) thrown at [D:\src\AOSP-openjdk-cygwin\jdk8u\hotspot\src\share\vm\prims\jni.cpp, line 735]
Event: 44.156 Thread 0x0000000018b73000 Exception <a 'sun/net/ConnectionResetException': > (0x00000000e4f49b20) thrown at [D:\src\AOSP-openjdk-cygwin\jdk8u\hotspot\src\share\vm\prims\jni.cpp, line 735]
Event: 44.156 Thread 0x0000000018b73000 Exception <a 'sun/net/ConnectionResetException': > (0x00000000e4f4a6d8) thrown at [D:\src\AOSP-openjdk-cygwin\jdk8u\hotspot\src\share\vm\prims\jni.cpp, line 735]
Event: 44.157 Thread 0x0000000018b73000 Exception <a 'java/net/SocketException': Connection reset by peer: socket write error> (0x00000000e4f4c6a8) thrown at [D:\src\AOSP-openjdk-cygwin\jdk8u\hotspot\src\share\vm\prims\jni.cpp, line 735]

Events (10 events):
Event: 42.443 Thread 0x0000000018b73000 DEOPT PACKING pc=0x00000000044dcce8 sp=0x000000001a498780
Event: 42.443 Thread 0x0000000018b73000 DEOPT UNPACKING pc=0x0000000002fb556a sp=0x000000001a498708 mode 2
Event: 42.443 Thread 0x0000000018b73000 Uncommon trap: trap_request=0xffffffd6 fr.pc=0x00000000044dcce8
Event: 42.443 Thread 0x0000000018b73000 DEOPT PACKING pc=0x00000000044dcce8 sp=0x000000001a498830
Event: 42.443 Thread 0x0000000018b73000 DEOPT UNPACKING pc=0x0000000002fb556a sp=0x000000001a4987b8 mode 2
Event: 42.443 Thread 0x0000000018b73000 Uncommon trap: trap_request=0xffffffd6 fr.pc=0x00000000044dcce8
Event: 42.443 Thread 0x0000000018b73000 DEOPT PACKING pc=0x00000000044dcce8 sp=0x000000001a498870
Event: 42.443 Thread 0x0000000018b73000 DEOPT UNPACKING pc=0x0000000002fb556a sp=0x000000001a4987f8 mode 2
Event: 44.167 Thread 0x0000000018b73000 DEOPT PACKING pc=0x0000000003407a27 sp=0x000000001a49b2b0
Event: 44.167 Thread 0x0000000018b73000 DEOPT UNPACKING pc=0x0000000002fb71bf sp=0x000000001a49afd0 mode 0


Dynamic libraries:
0x00007ff7281c0000 - 0x00007ff7281f1000 	C:\Program Files\Android\Android Studio1\jre\bin\java.exe
0x00007ffe835f0000 - 0x00007ffe837b1000 	C:\WINDOWS\SYSTEM32\ntdll.dll
0x00007ffe81370000 - 0x00007ffe8141d000 	C:\WINDOWS\system32\KERNEL32.DLL
0x00007ffe7fe50000 - 0x00007ffe80038000 	C:\WINDOWS\system32\KERNELBASE.dll
0x00007ffe83540000 - 0x00007ffe835e7000 	C:\WINDOWS\system32\ADVAPI32.dll
0x00007ffe80c50000 - 0x00007ffe80ced000 	C:\WINDOWS\system32\msvcrt.dll
0x00007ffe80b30000 - 0x00007ffe80b8b000 	C:\WINDOWS\system32\sechost.dll
0x00007ffe811f0000 - 0x00007ffe8130d000 	C:\WINDOWS\system32\RPCRT4.dll
0x00007ffe809d0000 - 0x00007ffe80b26000 	C:\WINDOWS\system32\USER32.dll
0x00007ffe81440000 - 0x00007ffe815c7000 	C:\WINDOWS\system32\GDI32.dll
0x00007ffe7a540000 - 0x00007ffe7a7b4000 	C:\WINDOWS\WinSxS\amd64_microsoft.windows.common-controls_6595b64144ccf1df_6.0.10586.839_none_a2ddba30a539a2ae\COMCTL32.dll
0x00007ffe80e00000 - 0x00007ffe8107e000 	C:\WINDOWS\system32\combase.dll
0x00007ffe80090000 - 0x00007ffe800fa000 	C:\WINDOWS\system32\bcryptPrimitives.dll
0x00007ffe80bb0000 - 0x00007ffe80beb000 	C:\WINDOWS\system32\IMM32.DLL
0x0000000056640000 - 0x0000000056712000 	C:\Program Files\Android\Android Studio1\jre\jre\bin\msvcr100.dll
0x0000000056800000 - 0x000000005703e000 	C:\Program Files\Android\Android Studio1\jre\jre\bin\server\jvm.dll
0x00007ffe81c60000 - 0x00007ffe81c68000 	C:\WINDOWS\system32\PSAPI.DLL
0x00007ffe75c20000 - 0x00007ffe75c29000 	C:\WINDOWS\SYSTEM32\WSOCK32.dll
0x00007ffe7e1a0000 - 0x00007ffe7e1c3000 	C:\WINDOWS\SYSTEM32\WINMM.dll
0x00007ffe81b20000 - 0x00007ffe81b8b000 	C:\WINDOWS\system32\WS2_32.dll
0x00007ffe7b0b0000 - 0x00007ffe7b0ba000 	C:\WINDOWS\SYSTEM32\VERSION.dll
0x00007ffe7e140000 - 0x00007ffe7e16c000 	C:\WINDOWS\SYSTEM32\WINMMBASE.dll
0x00007ffe80040000 - 0x00007ffe80083000 	C:\WINDOWS\system32\cfgmgr32.dll
0x00007ffe73090000 - 0x00007ffe7309f000 	C:\Program Files\Android\Android Studio1\jre\jre\bin\verify.dll
0x00007ffe713e0000 - 0x00007ffe71409000 	C:\Program Files\Android\Android Studio1\jre\jre\bin\java.dll
0x00007ffe72640000 - 0x00007ffe72656000 	C:\Program Files\Android\Android Studio1\jre\jre\bin\zip.dll
0x00007ffe81fd0000 - 0x00007ffe8352c000 	C:\WINDOWS\system32\SHELL32.dll
0x00007ffe802f0000 - 0x00007ffe80935000 	C:\WINDOWS\system32\windows.storage.dll
0x00007ffe81310000 - 0x00007ffe81362000 	C:\WINDOWS\system32\shlwapi.dll
0x00007ffe7fc70000 - 0x00007ffe7fc7f000 	C:\WINDOWS\system32\kernel.appcore.dll
0x00007ffe80100000 - 0x00007ffe801b5000 	C:\WINDOWS\system32\shcore.dll
0x00007ffe7fbf0000 - 0x00007ffe7fc3b000 	C:\WINDOWS\system32\powrprof.dll
0x00007ffe7fc40000 - 0x00007ffe7fc54000 	C:\WINDOWS\system32\profapi.dll
0x00007ffe6e040000 - 0x00007ffe6e05a000 	C:\Program Files\Android\Android Studio1\jre\jre\bin\net.dll
0x00007ffe7f430000 - 0x00007ffe7f48c000 	C:\WINDOWS\system32\mswsock.dll
0x00007ffe6e020000 - 0x00007ffe6e031000 	C:\Program Files\Android\Android Studio1\jre\jre\bin\nio.dll
0x00007ffe75be0000 - 0x00007ffe75bfe000 	C:\Users\arunraj\.gradle\native\25\windows-amd64\native-platform.dll
0x00007ffe70870000 - 0x00007ffe7087d000 	C:\Program Files\Android\Android Studio1\jre\jre\bin\management.dll
0x00007ffe7f4e0000 - 0x00007ffe7f4f7000 	C:\WINDOWS\SYSTEM32\CRYPTSP.dll
0x00007ffe7f170000 - 0x00007ffe7f1a4000 	C:\WINDOWS\system32\rsaenh.dll
0x00007ffe7fa60000 - 0x00007ffe7fa89000 	C:\WINDOWS\SYSTEM32\bcrypt.dll
0x00007ffe7f2c0000 - 0x00007ffe7f2df000 	C:\WINDOWS\SYSTEM32\USERENV.dll
0x00007ffe7f660000 - 0x00007ffe7f66b000 	C:\WINDOWS\SYSTEM32\CRYPTBASE.dll
0x00007ffe7ce00000 - 0x00007ffe7ce38000 	C:\WINDOWS\SYSTEM32\IPHLPAPI.DLL
0x00007ffe811e0000 - 0x00007ffe811e8000 	C:\WINDOWS\system32\NSI.dll
0x00007ffe7c280000 - 0x00007ffe7c296000 	C:\WINDOWS\SYSTEM32\dhcpcsvc6.DLL
0x00007ffe7c260000 - 0x00007ffe7c27a000 	C:\WINDOWS\SYSTEM32\dhcpcsvc.DLL
0x00007ffe68250000 - 0x00007ffe68274000 	C:\Program Files\Android\Android Studio1\jre\jre\bin\sunec.dll
0x00007ffe7e460000 - 0x00007ffe7e50a000 	C:\WINDOWS\SYSTEM32\DNSAPI.dll
0x00007ffe7b820000 - 0x00007ffe7b82a000 	C:\Windows\System32\rasadhlp.dll
0x00007ffe7b960000 - 0x00007ffe7b9c7000 	C:\WINDOWS\System32\fwpuclnt.dll
0x00007ffe69e50000 - 0x00007ffe69e5b000 	C:\Program Files\Android\Android Studio1\jre\jre\bin\sunmscapi.dll
0x00007ffe7fc80000 - 0x00007ffe7fe48000 	C:\WINDOWS\system32\CRYPT32.dll
0x00007ffe7fc60000 - 0x00007ffe7fc70000 	C:\WINDOWS\system32\MSASN1.dll
0x00007ffe73350000 - 0x00007ffe734dc000 	C:\WINDOWS\SYSTEM32\dbghelp.dll

VM Arguments:
jvm_args: -Xmx1536m -Dfile.encoding=windows-1252 -Duser.country=US -Duser.language=en -Duser.variant 
java_command: org.gradle.launcher.daemon.bootstrap.GradleDaemon 4.1
java_class_path (initial): C:\Users\arunraj\.gradle\wrapper\dists\gradle-4.1-all\bzyivzo6n839fup2jbap0tjew\gradle-4.1\lib\gradle-launcher-4.1.jar
Launcher Type: SUN_STANDARD

Environment Variables:
PATH=C:\ProgramData\Oracle\Java\javapath;C:\WINDOWS\system32;C:\WINDOWS;C:\WINDOWS\System32\Wbem;C:\WINDOWS\System32\WindowsPowerShell\v1.0\
USERNAME=Arunraj
OS=Windows_NT
PROCESSOR_IDENTIFIER=Intel64 Family 6 Model 23 Stepping 10, GenuineIntel



---------------  S Y S T E M  ---------------

OS: Windows 10.0 , 64 bit Build 10586 (10.0.10586.589)

CPU:total 2 (initial active 2) (2 cores per cpu, 1 threads per core) family 6 model 23 stepping 10, cmov, cx8, fxsr, mmx, sse, sse2, sse3, ssse3, sse4.1, tsc

Memory: 4k page, physical 8256760k(4354836k free), swap 16645368k(12643188k free)

vm_info: OpenJDK 64-Bit Server VM (25.152-b01) for windows-amd64 JRE (1.8.0_152-release-915-b01), built by "builder" with MS VC++ 10.0 (VS2010)

time: Thu Feb 22 12:39:27 2018
elapsed time: 44 seconds (0d 0h 0m 44s)

